292  DEBUG [2015-02-06 21:51:40]  Mapping file : /com/song/account/api/UserApi.aegis.xml not found.
292  DEBUG [2015-02-06 21:51:40]  Mapping file : /com/song/account/entity/User.aegis.xml not found.
292  DEBUG [2015-02-06 21:51:40]  Mapping file : /com/song/account/entity/User.aegis.xml not found.
292  DEBUG [2015-02-06 21:51:40]  Mapping file : /com/song/account/entity/User.aegis.xml not found.
292  DEBUG [2015-02-06 21:51:40]  Mapping file : /java/io/Serializable.aegis.xml not found.
292  DEBUG [2015-02-06 21:51:40]  Mapping file : /com/song/commons/entity/LazyLoadEntity.aegis.xml not found.
292  DEBUG [2015-02-06 21:51:40]  Mapping file : /com/song/commons/api/Result.aegis.xml not found.
292  DEBUG [2015-02-06 21:51:40]  Mapping file : /java/io/Serializable.aegis.xml not found.
355  DEBUG [2015-02-06 21:51:40]  Mapping file : /com/song/account/api/UserApi.aegis.xml not found.
355  DEBUG [2015-02-06 21:51:40]  Mapping file : /com/song/account/api/UserApi.aegis.xml not found.
355  DEBUG [2015-02-06 21:51:40]  Mapping file : /java/lang/String.aegis.xml not found.
355  DEBUG [2015-02-06 21:51:40]  Mapping file : /com/song/account/api/UserApi.aegis.xml not found.
370  DEBUG [2015-02-06 21:51:40]  Mapping file : /com/song/account/api/UserApi.aegis.xml not found.
370  DEBUG [2015-02-06 21:51:40]  Mapping file : /int.aegis.xml not found.
370  DEBUG [2015-02-06 21:51:40]  Mapping file : /com/song/account/api/UserApi.aegis.xml not found.
370  DEBUG [2015-02-06 21:51:40]  Mapping file : /com/song/account/api/UserApi.aegis.xml not found.
386  DEBUG [2015-02-06 21:51:40]  Mapping file : /int.aegis.xml not found.
386  DEBUG [2015-02-06 21:51:40]  Mapping file : /com/song/account/api/UserApi.aegis.xml not found.
402  DEBUG [2015-02-06 21:51:40]  Mapping file : /com/song/account/api/UserApi.aegis.xml not found.
402  DEBUG [2015-02-06 21:51:40]  Mapping file : /com/song/account/api/result/UserItems.aegis.xml not found.
402  DEBUG [2015-02-06 21:51:40]  Mapping file : /com/song/account/api/result/UserItems.aegis.xml not found.
402  DEBUG [2015-02-06 21:51:40]  Mapping file : /com/song/account/api/result/UserItems.aegis.xml not found.
402  DEBUG [2015-02-06 21:51:40]  Mapping file : /com/song/commons/api/Items.aegis.xml not found.
402  DEBUG [2015-02-06 21:51:40]  Mapping file : /com/song/commons/api/Result.aegis.xml not found.
402  DEBUG [2015-02-06 21:51:40]  Mapping file : /java/io/Serializable.aegis.xml not found.
417  DEBUG [2015-02-06 21:51:40]  Mapping file : /com/song/account/api/UserApi.aegis.xml not found.
417  DEBUG [2015-02-06 21:51:40]  Mapping file : /com/song/account/api/UserApi.aegis.xml not found.
417  DEBUG [2015-02-06 21:51:40]  Mapping file : /java/lang/String.aegis.xml not found.
417  DEBUG [2015-02-06 21:51:40]  Mapping file : /com/song/account/api/UserApi.aegis.xml not found.
433  DEBUG [2015-02-06 21:51:40]  Mapping file : /com/song/account/api/UserApi.aegis.xml not found.
433  DEBUG [2015-02-06 21:51:40]  Mapping file : /java/lang/String.aegis.xml not found.
433  DEBUG [2015-02-06 21:51:40]  Mapping file : /com/song/account/api/UserApi.aegis.xml not found.
433  DEBUG [2015-02-06 21:51:40]  Mapping file : /com/song/account/api/UserApi.aegis.xml not found.
433  DEBUG [2015-02-06 21:51:40]  Mapping file : /java/lang/String.aegis.xml not found.
433  DEBUG [2015-02-06 21:51:40]  Mapping file : /com/song/account/api/UserApi.aegis.xml not found.
433  DEBUG [2015-02-06 21:51:40]  Mapping file : /com/song/account/api/UserApi.aegis.xml not found.
433  DEBUG [2015-02-06 21:51:40]  Mapping file : /com/song/account/entity/User.aegis.xml not found.
433  DEBUG [2015-02-06 21:51:40]  Mapping file : /com/song/account/entity/User.aegis.xml not found.
433  DEBUG [2015-02-06 21:51:40]  Mapping file : /com/song/account/entity/User.aegis.xml not found.
433  DEBUG [2015-02-06 21:51:40]  Mapping file : /java/io/Serializable.aegis.xml not found.
433  DEBUG [2015-02-06 21:51:40]  Mapping file : /com/song/commons/entity/LazyLoadEntity.aegis.xml not found.
433  DEBUG [2015-02-06 21:51:40]  Mapping file : /com/song/commons/api/Result.aegis.xml not found.
433  DEBUG [2015-02-06 21:51:40]  Mapping file : /java/io/Serializable.aegis.xml not found.
464  DEBUG [2015-02-06 21:51:40]  Mapping file : /com/song/account/api/UserApi.aegis.xml not found.
480  DEBUG [2015-02-06 21:51:40]  Mapping file : /long.aegis.xml not found.
480  DEBUG [2015-02-06 21:51:40]  Mapping file : /com/song/account/api/UserApi.aegis.xml not found.
480  DEBUG [2015-02-06 21:51:40]  Mapping file : /com/song/account/entity/User.aegis.xml not found.
480  DEBUG [2015-02-06 21:51:40]  Mapping file : /com/song/account/entity/User.aegis.xml not found.
480  DEBUG [2015-02-06 21:51:40]  Mapping file : /com/song/account/entity/User.aegis.xml not found.
480  DEBUG [2015-02-06 21:51:40]  Mapping file : /java/io/Serializable.aegis.xml not found.
480  DEBUG [2015-02-06 21:51:40]  Mapping file : /com/song/commons/entity/LazyLoadEntity.aegis.xml not found.
480  DEBUG [2015-02-06 21:51:40]  Mapping file : /com/song/commons/api/Result.aegis.xml not found.
480  DEBUG [2015-02-06 21:51:40]  Mapping file : /java/io/Serializable.aegis.xml not found.
511  DEBUG [2015-02-06 21:51:40]  Mapping file : /com/song/commons/api/ApiException.aegis.xml not found.
511  DEBUG [2015-02-06 21:51:40]  Mapping file : /com/song/commons/api/ApiException.aegis.xml not found.
511  DEBUG [2015-02-06 21:51:40]  Mapping file : /com/song/commons/api/ApiException.aegis.xml not found.
511  DEBUG [2015-02-06 21:51:40]  Mapping file : /java/rmi/RemoteException.aegis.xml not found.
511  DEBUG [2015-02-06 21:51:40]  Mapping file : /java/io/IOException.aegis.xml not found.
527  DEBUG [2015-02-06 21:51:40]  Mapping file : /com/song/account/api/UserApi.aegis.xml not found.
527  DEBUG [2015-02-06 21:51:40]  Mapping file : /java/lang/String.aegis.xml not found.
527  DEBUG [2015-02-06 21:51:40]  Mapping file : /com/song/account/api/UserApi.aegis.xml not found.
527  DEBUG [2015-02-06 21:51:40]  Mapping file : /int.aegis.xml not found.
527  DEBUG [2015-02-06 21:51:40]  Mapping file : /com/song/account/api/UserApi.aegis.xml not found.
527  DEBUG [2015-02-06 21:51:40]  Mapping file : /int.aegis.xml not found.
527  DEBUG [2015-02-06 21:51:40]  Mapping file : /com/song/account/api/UserApi.aegis.xml not found.
527  DEBUG [2015-02-06 21:51:40]  Mapping file : /com/song/account/api/result/UserItems.aegis.xml not found.
527  DEBUG [2015-02-06 21:51:40]  Mapping file : /com/song/account/api/result/UserItems.aegis.xml not found.
527  DEBUG [2015-02-06 21:51:40]  Mapping file : /com/song/account/api/result/UserItems.aegis.xml not found.
527  DEBUG [2015-02-06 21:51:40]  Mapping file : /com/song/commons/api/Items.aegis.xml not found.
542  DEBUG [2015-02-06 21:51:40]  Mapping file : /com/song/commons/api/Result.aegis.xml not found.
542  DEBUG [2015-02-06 21:51:40]  Mapping file : /java/io/Serializable.aegis.xml not found.
558  DEBUG [2015-02-06 21:51:40]  Mapping file : /com/song/account/api/UserApi.aegis.xml not found.
558  DEBUG [2015-02-06 21:51:40]  Mapping file : /java/lang/String.aegis.xml not found.
558  DEBUG [2015-02-06 21:51:40]  Mapping file : /com/song/account/api/UserApi.aegis.xml not found.
558  DEBUG [2015-02-06 21:51:40]  Mapping file : /java/lang/String.aegis.xml not found.
558  DEBUG [2015-02-06 21:51:40]  Mapping file : /com/song/account/api/UserApi.aegis.xml not found.
574  DEBUG [2015-02-06 21:51:40]  Mapping file : /java/lang/String.aegis.xml not found.
574  DEBUG [2015-02-06 21:51:40]  Mapping file : /com/song/account/api/UserApi.aegis.xml not found.
574  DEBUG [2015-02-06 21:51:40]  Mapping file : /com/song/account/entity/User.aegis.xml not found.
574  DEBUG [2015-02-06 21:51:40]  Mapping file : /com/song/account/entity/User.aegis.xml not found.
574  DEBUG [2015-02-06 21:51:40]  Mapping file : /com/song/account/entity/User.aegis.xml not found.
574  DEBUG [2015-02-06 21:51:40]  Mapping file : /java/io/Serializable.aegis.xml not found.
574  DEBUG [2015-02-06 21:51:40]  Mapping file : /com/song/commons/entity/LazyLoadEntity.aegis.xml not found.
574  DEBUG [2015-02-06 21:51:40]  Mapping file : /com/song/commons/api/Result.aegis.xml not found.
574  DEBUG [2015-02-06 21:51:40]  Mapping file : /java/io/Serializable.aegis.xml not found.
589  DEBUG [2015-02-06 21:51:40]  Mapping file : /com/song/commons/api/ApiException.aegis.xml not found.
589  DEBUG [2015-02-06 21:51:40]  Mapping file : /com/song/commons/api/ApiException.aegis.xml not found.
589  DEBUG [2015-02-06 21:51:40]  Mapping file : /com/song/commons/api/ApiException.aegis.xml not found.
589  DEBUG [2015-02-06 21:51:40]  Mapping file : /java/rmi/RemoteException.aegis.xml not found.
589  DEBUG [2015-02-06 21:51:40]  Mapping file : /java/io/IOException.aegis.xml not found.
636  DEBUG [2015-02-06 21:51:40]  Method [getUserList] [null, 1, 10]
636  DEBUG [2015-02-06 21:51:40]  Creating new channel for uri: urn:xfire:transport:http:14232307004130-27295998
652  DEBUG [2015-02-06 21:51:40]  adding handler org.codehaus.xfire.handler.OutMessageSender@47c62251 to phase send
652  DEBUG [2015-02-06 21:51:40]  adding handler org.codehaus.xfire.soap.handler.SoapActionOutHandler@3e6fa38a to phase transport
652  DEBUG [2015-02-06 21:51:40]  adding handler org.codehaus.xfire.soap.handler.SoapSerializerHandler@66a3ffec to phase post-invoke
652  DEBUG [2015-02-06 21:51:40]  Invoking phase post-invoke
652  DEBUG [2015-02-06 21:51:40]  Invoking handler org.codehaus.xfire.soap.handler.SoapSerializerHandler in phase post-invoke
652  DEBUG [2015-02-06 21:51:40]  Invoking phase policy
652  DEBUG [2015-02-06 21:51:40]  Invoking phase user
652  DEBUG [2015-02-06 21:51:40]  Invoking phase transport
652  DEBUG [2015-02-06 21:51:40]  Invoking handler org.codehaus.xfire.soap.handler.SoapActionOutHandler in phase transport
652  DEBUG [2015-02-06 21:51:40]  Invoking phase send
652  DEBUG [2015-02-06 21:51:40]  Invoking handler org.codehaus.xfire.handler.OutMessageSender in phase send
1058 DEBUG [2015-02-06 21:51:40]  Received message to http://127.0.0.1:8080/song-account-web/user_api.ws
1074 DEBUG [2015-02-06 21:51:40]  adding handler org.codehaus.xfire.client.CorrelatorHandler@1d371b2d to phase pre-dispatch
1074 DEBUG [2015-02-06 21:51:40]  adding handler org.codehaus.xfire.soap.handler.ReadHeadersHandler@543c6f6d to phase parse
1074 DEBUG [2015-02-06 21:51:40]  adding handler org.codehaus.xfire.soap.handler.ValidateHeadersHandler@13eb8acf to phase pre-invoke
1074 DEBUG [2015-02-06 21:51:40]  adding handler org.codehaus.xfire.handler.LocateBindingHandler@51c8530f to phase dispatch
1074 DEBUG [2015-02-06 21:51:40]  adding handler org.codehaus.xfire.soap.handler.SoapActionInHandler@7403c468 to phase dispatch
1074 DEBUG [2015-02-06 21:51:40]  adding handler org.codehaus.xfire.soap.handler.SoapBodyHandler@43738a82 to phase dispatch
1074 DEBUG [2015-02-06 21:51:40]  Invoking phase transport
1074 DEBUG [2015-02-06 21:51:40]  Invoking phase parse
1074 DEBUG [2015-02-06 21:51:40]  Invoking handler org.codehaus.xfire.soap.handler.ReadHeadersHandler in phase parse
1074 DEBUG [2015-02-06 21:51:40]  Invoking phase pre-dispatch
1074 DEBUG [2015-02-06 21:51:40]  Invoking handler org.codehaus.xfire.client.CorrelatorHandler in phase pre-dispatch
1074 DEBUG [2015-02-06 21:51:40]  Correlating context with ID 14232307004291-1049776226
1074 DEBUG [2015-02-06 21:51:40]  Found correlated context with ID 14232307004291-1049776226
1074 DEBUG [2015-02-06 21:51:40]  adding handler org.codehaus.xfire.client.ClientReceiveHandler@17d0685f to phase service
1074 DEBUG [2015-02-06 21:51:40]  Invoking phase dispatch
1074 DEBUG [2015-02-06 21:51:40]  Invoking handler org.codehaus.xfire.handler.LocateBindingHandler in phase dispatch
1074 DEBUG [2015-02-06 21:51:40]  Invoking handler org.codehaus.xfire.soap.handler.SoapBodyHandler in phase dispatch
1089 DEBUG [2015-02-06 21:51:40]  Mapping file : /com/song/commons/api/Items.aegis.xml not found.
1089 DEBUG [2015-02-06 21:51:40]  Mapping file : /int.aegis.xml not found.
1089 DEBUG [2015-02-06 21:51:40]  Mapping file : /com/song/commons/api/Result.aegis.xml not found.
1089 DEBUG [2015-02-06 21:51:40]  Mapping file : /java/lang/String.aegis.xml not found.
1089 DEBUG [2015-02-06 21:51:40]  Mapping file : /com/song/commons/api/Result.aegis.xml not found.
1089 DEBUG [2015-02-06 21:51:40]  Mapping file : /java/lang/String.aegis.xml not found.
1089 DEBUG [2015-02-06 21:51:40]  Mapping file : /com/song/commons/api/Result.aegis.xml not found.
1089 DEBUG [2015-02-06 21:51:40]  Mapping file : /java/lang/String.aegis.xml not found.
1089 DEBUG [2015-02-06 21:51:40]  Mapping file : /com/song/commons/api/Items.aegis.xml not found.
1089 DEBUG [2015-02-06 21:51:40]  Mapping file : /int.aegis.xml not found.
1105 DEBUG [2015-02-06 21:51:40]  Mapping file : /com/song/commons/api/Items.aegis.xml not found.
1105 DEBUG [2015-02-06 21:51:40]  Mapping file : /int.aegis.xml not found.
1105 DEBUG [2015-02-06 21:51:40]  Mapping file : /com/song/commons/api/Items.aegis.xml not found.
1105 DEBUG [2015-02-06 21:51:40]  Mapping file : /int.aegis.xml not found.
1105 DEBUG [2015-02-06 21:51:40]  Mapping file : /com/song/account/api/result/UserItems.aegis.xml not found.
1105 DEBUG [2015-02-06 21:51:40]  Mapping file : /com/song/account/entity/User.aegis.xml not found.
1105 DEBUG [2015-02-06 21:51:40]  Mapping file : /com/song/account/entity/User.aegis.xml not found.
1105 DEBUG [2015-02-06 21:51:40]  Mapping file : /com/song/account/entity/User.aegis.xml not found.
1105 DEBUG [2015-02-06 21:51:40]  Mapping file : /java/io/Serializable.aegis.xml not found.
1105 DEBUG [2015-02-06 21:51:40]  Mapping file : /com/song/commons/entity/LazyLoadEntity.aegis.xml not found.
1105 DEBUG [2015-02-06 21:51:40]  Mapping file : /com/song/commons/api/Result.aegis.xml not found.
1105 DEBUG [2015-02-06 21:51:40]  Mapping file : /java/io/Serializable.aegis.xml not found.
1120 DEBUG [2015-02-06 21:51:40]  Mapping file : /com/song/account/entity/User.aegis.xml not found.
1120 DEBUG [2015-02-06 21:51:40]  Mapping file : /java/lang/String.aegis.xml not found.
1120 DEBUG [2015-02-06 21:51:40]  Mapping file : /com/song/account/entity/User.aegis.xml not found.
1120 DEBUG [2015-02-06 21:51:40]  Mapping file : /java/util/Date.aegis.xml not found.
1120 DEBUG [2015-02-06 21:51:40]  Mapping file : /com/song/account/entity/User.aegis.xml not found.
1120 DEBUG [2015-02-06 21:51:40]  Mapping file : /java/lang/Integer.aegis.xml not found.
1136 DEBUG [2015-02-06 21:51:40]  Mapping file : /com/song/account/entity/User.aegis.xml not found.
1136 DEBUG [2015-02-06 21:51:40]  Mapping file : /java/lang/Integer.aegis.xml not found.
1136 DEBUG [2015-02-06 21:51:40]  Mapping file : /com/song/account/entity/User.aegis.xml not found.
1136 DEBUG [2015-02-06 21:51:40]  Mapping file : /java/lang/Integer.aegis.xml not found.
1136 DEBUG [2015-02-06 21:51:40]  Mapping file : /com/song/account/entity/User.aegis.xml not found.
1136 DEBUG [2015-02-06 21:51:40]  Mapping file : /java/lang/String.aegis.xml not found.
1136 DEBUG [2015-02-06 21:51:40]  Mapping file : /com/song/account/entity/User.aegis.xml not found.
1136 DEBUG [2015-02-06 21:51:40]  Mapping file : /java/lang/Long.aegis.xml not found.
1136 DEBUG [2015-02-06 21:51:40]  Mapping file : /com/song/account/entity/User.aegis.xml not found.
1136 DEBUG [2015-02-06 21:51:40]  Mapping file : /java/lang/String.aegis.xml not found.
1136 DEBUG [2015-02-06 21:51:40]  Mapping file : /com/song/account/entity/User.aegis.xml not found.
1136 DEBUG [2015-02-06 21:51:40]  Mapping file : /java/lang/String.aegis.xml not found.
1136 DEBUG [2015-02-06 21:51:40]  Mapping file : /com/song/commons/api/Result.aegis.xml not found.
1136 DEBUG [2015-02-06 21:51:40]  Mapping file : /java/lang/String.aegis.xml not found.
1136 DEBUG [2015-02-06 21:51:40]  Mapping file : /com/song/commons/api/Result.aegis.xml not found.
1136 DEBUG [2015-02-06 21:51:40]  Mapping file : /java/lang/String.aegis.xml not found.
1136 DEBUG [2015-02-06 21:51:40]  Mapping file : /com/song/commons/api/Result.aegis.xml not found.
1136 DEBUG [2015-02-06 21:51:40]  Mapping file : /java/lang/String.aegis.xml not found.
1136 DEBUG [2015-02-06 21:51:40]  Mapping file : /com/song/commons/entity/LazyLoadEntity.aegis.xml not found.
1136 DEBUG [2015-02-06 21:51:40]  Mapping file : /com/song/commons/entity/LazyLoaderManager.aegis.xml not found.
1152 DEBUG [2015-02-06 21:51:40]  Mapping file : /com/song/commons/entity/LazyLoaderManager.aegis.xml not found.
1152 DEBUG [2015-02-06 21:51:40]  Mapping file : /com/song/commons/entity/LazyLoaderManager.aegis.xml not found.
1152 DEBUG [2015-02-06 21:51:40]  Mapping file : /java/io/Serializable.aegis.xml not found.
1152 DEBUG [2015-02-06 21:51:40]  Mapping file : /com/song/account/entity/User.aegis.xml not found.
1152 DEBUG [2015-02-06 21:51:40]  Mapping file : /java/lang/String.aegis.xml not found.
1152 DEBUG [2015-02-06 21:51:40]  Mapping file : /com/song/account/entity/User.aegis.xml not found.
1152 DEBUG [2015-02-06 21:51:40]  Mapping file : /java/lang/String.aegis.xml not found.
1152 DEBUG [2015-02-06 21:51:40]  Mapping file : /com/song/account/entity/User.aegis.xml not found.
1152 DEBUG [2015-02-06 21:51:40]  Mapping file : /java/lang/String.aegis.xml not found.
1152 DEBUG [2015-02-06 21:51:40]  Mapping file : /com/song/account/entity/User.aegis.xml not found.
1152 DEBUG [2015-02-06 21:51:40]  Mapping file : /java/lang/Integer.aegis.xml not found.
1152 DEBUG [2015-02-06 21:51:40]  Mapping file : /com/song/account/entity/User.aegis.xml not found.
1152 DEBUG [2015-02-06 21:51:40]  Mapping file : /java/lang/String.aegis.xml not found.
1167 DEBUG [2015-02-06 21:51:40]  Mapping file : /com/song/account/entity/User.aegis.xml not found.
1167 DEBUG [2015-02-06 21:51:40]  Mapping file : /java/lang/Long.aegis.xml not found.
1167 DEBUG [2015-02-06 21:51:40]  Mapping file : /com/song/account/entity/User.aegis.xml not found.
1167 DEBUG [2015-02-06 21:51:40]  Mapping file : /java/lang/String.aegis.xml not found.
1183 DEBUG [2015-02-06 21:51:40]  Invoking handler org.codehaus.xfire.soap.handler.SoapActionInHandler in phase dispatch
1183 DEBUG [2015-02-06 21:51:40]  Invoking phase policy
1199 DEBUG [2015-02-06 21:51:40]  Invoking phase user
1199 DEBUG [2015-02-06 21:51:40]  Invoking phase pre-invoke
1199 DEBUG [2015-02-06 21:51:40]  Invoking handler org.codehaus.xfire.soap.handler.ValidateHeadersHandler in phase pre-invoke
1199 DEBUG [2015-02-06 21:51:40]  Invoking phase service
1199 DEBUG [2015-02-06 21:51:40]  Invoking handler org.codehaus.xfire.client.ClientReceiveHandler in phase service
1199 DEBUG [2015-02-06 21:51:40]  Result [com.song.account.api.result.UserItems@6ec8211c]
